{
  "RSpec": {
    "coverage": {
      "/Users/Silver/turing/3module/turing_project/Sweater_weather/app/models/current_weather.rb": [
        1,
        1,
        null,
        null,
        null,
        null,
        null,
        null,
        null,
        1,
        4,
        4,
        4,
        4,
        4,
        4,
        4,
        4,
        null,
        null
      ],
      "/Users/Silver/turing/3module/turing_project/Sweater_weather/app/models/day_weather.rb": [
        1,
        1,
        null,
        null,
        null,
        null,
        null,
        null,
        null,
        1,
        25,
        25,
        25,
        25,
        25,
        25,
        25,
        25,
        25,
        null,
        null
      ],
      "/Users/Silver/turing/3module/turing_project/Sweater_weather/app/models/favorite.rb": [
        1,
        1,
        null,
        1,
        1,
        null
      ],
      "/Users/Silver/turing/3module/turing_project/Sweater_weather/app/models/application_record.rb": [
        1,
        1,
        null
      ],
      "/Users/Silver/turing/3module/turing_project/Sweater_weather/app/models/hour_weather.rb": [
        1,
        1,
        null,
        null,
        null,
        null,
        null,
        1,
        148,
        148,
        148,
        148,
        148,
        null,
        null
      ],
      "/Users/Silver/turing/3module/turing_project/Sweater_weather/app/models/user_favorite.rb": [
        1,
        1,
        1,
        null
      ],
      "/Users/Silver/turing/3module/turing_project/Sweater_weather/app/models/user.rb": [
        1,
        1,
        1,
        null,
        1,
        null,
        1,
        1,
        null,
        null,
        1,
        1,
        1,
        1,
        1,
        1,
        1,
        null,
        null
      ],
      "/Users/Silver/turing/3module/turing_project/Sweater_weather/app/services/darksky_service.rb": [
        1,
        null,
        1,
        7,
        null,
        null,
        1,
        null,
        1,
        7,
        7,
        null,
        null,
        1,
        7,
        7,
        null,
        null,
        null
      ],
      "/Users/Silver/turing/3module/turing_project/Sweater_weather/app/services/giphy_service.rb": [
        1,
        null,
        1,
        26,
        null,
        null,
        1,
        null,
        1,
        null,
        26,
        26,
        null,
        null,
        1,
        26,
        26,
        null,
        null,
        null
      ],
      "/Users/Silver/turing/3module/turing_project/Sweater_weather/app/services/google_maps_service.rb": [
        1,
        null,
        1,
        7,
        null,
        null,
        1,
        null,
        1,
        7,
        7,
        null,
        null,
        1,
        7,
        7,
        null,
        null,
        null
      ],
      "/Users/Silver/turing/3module/turing_project/Sweater_weather/app/poros/weather_data_helper.rb": [
        1,
        null,
        1,
        1,
        1,
        4,
        4,
        4,
        4,
        4,
        null,
        null,
        1,
        0,
        null,
        null,
        1,
        0,
        null,
        null,
        1,
        4,
        null,
        null,
        1,
        3,
        3,
        24,
        null,
        null,
        null,
        1,
        3,
        3,
        147,
        null,
        null,
        null
      ],
      "/Users/Silver/turing/3module/turing_project/Sweater_weather/app/poros/giphy_data_helper.rb": [
        1,
        null,
        1,
        1,
        25,
        25,
        null,
        null
      ],
      "/Users/Silver/turing/3module/turing_project/Sweater_weather/app/controllers/api/v1/favorites_controller.rb": [
        1,
        1,
        1,
        1,
        1,
        null,
        0,
        null,
        null,
        null,
        1,
        2,
        2,
        1,
        1,
        1,
        null,
        1,
        null,
        null,
        null,
        1,
        2,
        2,
        1,
        1,
        1,
        null,
        1,
        null,
        null,
        null
      ],
      "/Users/Silver/turing/3module/turing_project/Sweater_weather/app/controllers/application_controller.rb": [
        1,
        null
      ],
      "/Users/Silver/turing/3module/turing_project/Sweater_weather/app/controllers/api/v1/forecast_controller.rb": [
        1,
        1,
        3,
        null,
        null
      ],
      "/Users/Silver/turing/3module/turing_project/Sweater_weather/app/serializers/forecast_serializer.rb": [
        1,
        1,
        1,
        1,
        null
      ],
      "/Users/Silver/turing/3module/turing_project/Sweater_weather/app/serializers/favorites_serializer.rb": [
        1,
        1,
        1,
        1,
        null
      ],
      "/Users/Silver/turing/3module/turing_project/Sweater_weather/app/poros/favorite_data_helper.rb": [
        1,
        null,
        1,
        1,
        null,
        1,
        1,
        1,
        1,
        1,
        1,
        null,
        null,
        1,
        1,
        1,
        2,
        2,
        2,
        2,
        2,
        2,
        null,
        null,
        null
      ],
      "/Users/Silver/turing/3module/turing_project/Sweater_weather/app/controllers/api/v1/sessions_controller.rb": [
        1,
        1,
        1,
        1,
        1,
        1,
        1,
        null,
        null,
        null
      ],
      "/Users/Silver/turing/3module/turing_project/Sweater_weather/app/controllers/api/v1/users_controller.rb": [
        1,
        1,
        1,
        1,
        1,
        null,
        null,
        1,
        null,
        1,
        1,
        null,
        null
      ],
      "/Users/Silver/turing/3module/turing_project/Sweater_weather/app/models/forecast.rb": [
        0,
        0,
        0
      ]
    },
    "timestamp": 1547055138
  }
}
